1638:C 14 Jul 2026 14:06:20.609 * oO0OoO0OoO0Oo Redis is starting oO0OoO0OoO0Oo
1638:C 14 Jul 2026 14:06:20.609 * Redis version=8.6.3, bits=64, commit=00000000, modified=0, pid=1638, just started
1638:C 14 Jul 2026 14:06:20.610 * Configuration loaded
1638:M 14 Jul 2026 14:06:20.611 # You requested maxclients of 10000 requiring at least 10032 max file descriptors.
1638:M 14 Jul 2026 14:06:20.612 # Server can't set maximum open files to 10032 because of OS error: Operation not permitted.
1638:M 14 Jul 2026 14:06:20.612 # Current maximum open files is 3200. maxclients has been reduced to 3168 to compensate for low ulimit. If you need higher maxclients increase 'ulimit -n'.
1638:M 14 Jul 2026 14:06:20.612 * monotonic clock: POSIX clock_gettime
1638:M 14 Jul 2026 14:06:20.614 * Running mode=standalone, port=6379.
1638:M 14 Jul 2026 14:06:20.617 * Server initialized
1638:M 14 Jul 2026 14:06:20.618 * Ready to accept connections tcp
1946:C 15 Jul 2026 13:47:46.393 * oO0OoO0OoO0Oo Redis is starting oO0OoO0OoO0Oo
1946:C 15 Jul 2026 13:47:46.394 * Redis version=8.6.3, bits=64, commit=00000000, modified=0, pid=1946, just started
1946:C 15 Jul 2026 13:47:46.394 * Configuration loaded
1946:M 15 Jul 2026 13:47:46.396 # You requested maxclients of 10000 requiring at least 10032 max file descriptors.
1946:M 15 Jul 2026 13:47:46.396 # Server can't set maximum open files to 10032 because of OS error: Operation not permitted.
1946:M 15 Jul 2026 13:47:46.397 # Current maximum open files is 3200. maxclients has been reduced to 3168 to compensate for low ulimit. If you need higher maxclients increase 'ulimit -n'.
1946:M 15 Jul 2026 13:47:46.397 * monotonic clock: POSIX clock_gettime
1946:M 15 Jul 2026 13:47:46.398 * Running mode=standalone, port=6379.
1946:M 15 Jul 2026 13:47:46.402 * Server initialized
1946:M 15 Jul 2026 13:47:46.403 * Ready to accept connections tcp
